<?xml version="1.0" encoding="UTF-8"?>
<!-- Generated by org.testng.reporters.JUnitReportReporter -->
<testsuite skipped="0" hostname="DESKTOP-MV6L4GQ" name="com.automation.tests.Test02_LoginFailure" tests="1" failures="0" timestamp="2022-11-16T07:23:03 IST" time="3.593" errors="0">
  <testcase name="loginWithWrongPasswordTest" time="3.593" classname="com.automation.tests.Test02_LoginFailure"/>
  <system-out/>
</testsuite> <!-- com.automation.tests.Test02_LoginFailure -->
