<?xml version="1.0" encoding="UTF-8"?>
<!-- Generated by org.testng.reporters.JUnitReportReporter -->
<testsuite skipped="0" hostname="DESKTOP-MV6L4GQ" name="com.automation.tests.Test18_NotificationMessage" tests="1" failures="0" timestamp="2022-11-16T07:23:03 IST" time="4.249" errors="0">
  <testcase name="notificationMessageTest" time="4.249" classname="com.automation.tests.Test18_NotificationMessage"/>
  <system-out/>
</testsuite> <!-- com.automation.tests.Test18_NotificationMessage -->
