<?xml version="1.0" encoding="UTF-8"?>
<!-- Generated by org.testng.reporters.JUnitReportReporter -->
<testsuite skipped="0" hostname="DESKTOP-MV6L4GQ" name="com.automation.tests.Test10_FileDownload" tests="1" failures="0" timestamp="2022-11-16T07:23:03 IST" time="9.961" errors="0">
  <testcase name="fileDownloadTest" time="9.961" classname="com.automation.tests.Test10_FileDownload"/>
  <system-out/>
</testsuite> <!-- com.automation.tests.Test10_FileDownload -->
