<?xml version="1.0" encoding="UTF-8"?>
<!-- Generated by org.testng.reporters.JUnitReportReporter -->
<testsuite skipped="0" hostname="DESKTOP-MV6L4GQ" name="com.automation.tests.Test05_DragAndDrop" tests="1" failures="0" timestamp="2022-11-16T07:23:03 IST" time="13.254" errors="0">
  <testcase name="dragAndDropTest" time="13.254" classname="com.automation.tests.Test05_DragAndDrop"/>
  <system-out/>
</testsuite> <!-- com.automation.tests.Test05_DragAndDrop -->
