<?xml version="1.0" encoding="UTF-8"?>
<!-- Generated by org.testng.reporters.JUnitReportReporter -->
<testsuite skipped="0" hostname="DESKTOP-MV6L4GQ" name="com.automation.tests.Test14_MouseHover" tests="1" failures="0" timestamp="2022-11-16T07:23:03 IST" time="3.710" errors="0">
  <testcase name="mouseHoverTest" time="3.710" classname="com.automation.tests.Test14_MouseHover"/>
  <system-out/>
</testsuite> <!-- com.automation.tests.Test14_MouseHover -->
