<?xml version="1.0" encoding="UTF-8"?>
<!-- Generated by org.testng.reporters.JUnitReportReporter -->
<testsuite skipped="0" hostname="DESKTOP-MV6L4GQ" name="com.automation.tests.Test08_DynamicControls" tests="2" failures="0" timestamp="2022-11-16T07:23:03 IST" time="30.473" errors="0">
  <testcase name="dynamicControlsCheckboxTest" time="20.029" classname="com.automation.tests.Test08_DynamicControls"/>
  <system-out/>
  <testcase name="dynamicControlsTextboxTest" time="10.444" classname="com.automation.tests.Test08_DynamicControls"/>
  <system-out/>
</testsuite> <!-- com.automation.tests.Test08_DynamicControls -->
