<?xml version="1.0" encoding="UTF-8"?>
<!-- Generated by org.testng.reporters.JUnitReportReporter -->
<testsuite skipped="0" hostname="DESKTOP-MV6L4GQ" name="com.automation.tests.Test06_Dropdown" tests="2" failures="0" timestamp="2022-11-16T07:23:03 IST" time="6.282" errors="0">
  <testcase name="dropdown2Test" time="3.057" classname="com.automation.tests.Test06_Dropdown"/>
  <system-out/>
  <testcase name="dropdown1Test" time="3.225" classname="com.automation.tests.Test06_Dropdown"/>
  <system-out/>
</testsuite> <!-- com.automation.tests.Test06_Dropdown -->
