<?xml version="1.0" encoding="UTF-8"?>
<!-- Generated by org.testng.reporters.JUnitReportReporter -->
<testsuite skipped="0" hostname="DESKTOP-MV6L4GQ" name="com.automation.tests.Test04_ContextMenu" tests="1" failures="0" timestamp="2022-11-16T07:23:03 IST" time="3.132" errors="0">
  <testcase name="contextMenuTest" time="3.132" classname="com.automation.tests.Test04_ContextMenu"/>
  <system-out/>
</testsuite> <!-- com.automation.tests.Test04_ContextMenu -->
