<?xml version="1.0" encoding="UTF-8"?>
<!-- Generated by org.testng.reporters.JUnitReportReporter -->
<testsuite skipped="0" hostname="DESKTOP-MV6L4GQ" name="com.automation.tests.Test03_Checkboxes" tests="4" failures="0" timestamp="2022-11-16T07:23:03 IST" time="12.366" errors="0">
  <testcase name="checkbox1And2UncheckedTest" time="3.140" classname="com.automation.tests.Test03_Checkboxes"/>
  <system-out/>
  <testcase name="checkbox1And2CheckedTest" time="3.066" classname="com.automation.tests.Test03_Checkboxes"/>
  <system-out/>
  <testcase name="checkbox1CheckedTest" time="3.005" classname="com.automation.tests.Test03_Checkboxes"/>
  <system-out/>
  <testcase name="checkbox2CheckedTest" time="3.155" classname="com.automation.tests.Test03_Checkboxes"/>
  <system-out/>
</testsuite> <!-- com.automation.tests.Test03_Checkboxes -->
